Created by PLY version 3.7 (http://www.dabeaz.com/ply)

Grammar

Rule 0     S' -> E
Rule 1     E -> num
Rule 2     E -> E mult E

Terminals, with rules where they appear

error                : 
mult                 : 2
num                  : 1

Nonterminals, with rules where they appear

E                    : 2 2 0

Parsing method: LALR

state 0

    (0) S' -> . E
    (1) E -> . num
    (2) E -> . E mult E

    num             shift and go to state 1

    E                              shift and go to state 2

state 1

    (1) E -> num .

    mult            reduce using rule 1 (E -> num .)
    $end            reduce using rule 1 (E -> num .)


state 2

    (0) S' -> E .
    (2) E -> E . mult E

    mult            shift and go to state 3


state 3

    (2) E -> E mult . E
    (1) E -> . num
    (2) E -> . E mult E

    num             shift and go to state 1

    E                              shift and go to state 4

state 4

    (2) E -> E mult E .
    (2) E -> E . mult E

  ! shift/reduce conflict for mult resolved as shift
    $end            reduce using rule 2 (E -> E mult E .)
    mult            shift and go to state 3

  ! mult            [ reduce using rule 2 (E -> E mult E .) ]

WARNING: 
WARNING: Conflicts:
WARNING: 
WARNING: shift/reduce conflict for mult in state 4 resolved as shift
